#
# A fatal error has been detected by the Java Runtime Environment:
#
#  EXCEPTION_ACCESS_VIOLATION (0xc0000005) at pc=0x0000000062c38b35, pid=8844, tid=8800
#
# JRE version: Java(TM) SE Runtime Environment (8.0_66-b18) (build 1.8.0_66-b18)
# Java VM: Java HotSpot(TM) 64-Bit Server VM (25.66-b18 mixed mode windows-amd64 compressed oops)
# Problematic frame:
# V  [jvm.dll+0x128b35]
#
# Failed to write core dump. Minidumps are not enabled by default on client versions of Windows
#
# If you would like to submit a bug report, please visit:
#   http://bugreport.java.com/bugreport/crash.jsp
#

---------------  T H R E A D  ---------------

Current thread (0x0000000056e9b800):  JavaThread "JDWP Transport Listener: dt_socket" daemon [_thread_in_vm, id=8800, stack(0x0000000058f70000,0x0000000059070000)]

siginfo: ExceptionCode=0xc0000005, reading address 0xffffffffffffffff

Registers:
RAX=0x000000005906f001, RBX=0x0000000056e9b800, RCX=0x003b726574003b72, RDX=0x0000000000000000
RSP=0x000000005906f020, RBP=0x003b726574003b72, RSI=0x000000005906f138, RDI=0x0000000001e391b0
R8 =0x0000000056e9b800, R9 =0x000000000000ff00, R10=0x0000000000000000, R11=0x00000ef800500004
R12=0x0000000000000000, R13=0x00000000586478a8, R14=0x0000000000000000, R15=0x0000000000000000
RIP=0x0000000062c38b35, EFLAGS=0x0000000000010206

Top of Stack: (sp=0x000000005906f020)
0x000000005906f020:   0000000056e9b800 0000000056e9b800
0x000000005906f030:   000000005906f0e8 0000000062e3e2eb
0x000000005906f040:   0000000056e9b800 0000000062e5ab4d
0x000000005906f050:   0000000000000000 000000006b1b9155
0x000000005906f060:   00000000586faee8 000000006b1c291e
0x000000005906f070:   0000000056e9b800 0000000000000000
0x000000005906f080:   0000000000000000 0000000000000000
0x000000005906f090:   003b726574003b72 000000006b1c1a15
0x000000005906f0a0:   000000005906f138 000000005906f110
0x000000005906f0b0:   0000000000000001 00000000586faee8
0x000000005906f0c0:   003b726574003b72 000000006b1a53b3
0x000000005906f0d0:   000000005906f200 0000000000000001
0x000000005906f0e0:   0000000000000001 00000000586faee8
0x000000005906f0f0:   00000000f000100a 0000000000000000
0x000000005906f100:   0000000000000000 0000000000000000
0x000000005906f110:   0000000000000001 000000006b1a5571 

Instructions: (pc=0x0000000062c38b35)
0x0000000062c38b15:   cc cc cc cc cc cc cc cc cc cc cc 48 83 ec 28 48
0x0000000062c38b25:   85 c9 75 07 33 c0 48 83 c4 28 c3 48 89 5c 24 20
0x0000000062c38b35:   48 8b 19 48 85 db 74 20 48 83 fb 37 74 1a 48 8b
0x0000000062c38b45:   13 48 8b cb ff 52 10 84 c0 74 0d 48 8b c3 48 8b 


Register to memory mapping:

RAX=0x000000005906f001 is pointing into the stack for thread: 0x0000000056e9b800
RBX=0x0000000056e9b800 is a thread
RCX=0x003b726574003b72 is an unknown value
RDX=0x0000000000000000 is an unknown value
RSP=0x000000005906f020 is pointing into the stack for thread: 0x0000000056e9b800
RBP=0x003b726574003b72 is an unknown value
RSI=0x000000005906f138 is pointing into the stack for thread: 0x0000000056e9b800
RDI=0x0000000001e391b0 is an unknown value
R8 =0x0000000056e9b800 is a thread
R9 =0x000000000000ff00 is an unknown value
R10=0x0000000000000000 is an unknown value
R11=0x00000ef800500004 is an unknown value
R12=0x0000000000000000 is an unknown value
R13=0x00000000586478a8 is an unknown value
R14=0x0000000000000000 is an unknown value
R15=0x0000000000000000 is an unknown value


Stack: [0x0000000058f70000,0x0000000059070000],  sp=0x000000005906f020,  free space=1020k
Native frames: (J=compiled Java code, j=interpreted, Vv=VM code, C=native code)
V  [jvm.dll+0x128b35]
V  [jvm.dll+0x34ab4d]
C  [jdwp.dll+0x21a15]
C  [jdwp.dll+0x53b3]
C  [jdwp.dll+0x5571]
C  [jdwp.dll+0xf0a8]
C  [jdwp.dll+0x1f2d5]
C  [jdwp.dll+0x1f4aa]
V  [jvm.dll+0x1bba28]
V  [jvm.dll+0x243274]
V  [jvm.dll+0x29a0fa]
C  [msvcr100.dll+0x21d9f]
C  [msvcr100.dll+0x21e3b]
C  [kernel32.dll+0x15a4d]
C  [ntdll.dll+0x2b831]


---------------  P R O C E S S  ---------------

Java Threads: ( => current thread )
  0x00000000586f0000 JavaThread "Service Thread" daemon [_thread_blocked, id=3080, stack(0x00000000596e0000,0x00000000597e0000)]
  0x0000000058684000 JavaThread "C1 CompilerThread2" daemon [_thread_blocked, id=6776, stack(0x0000000059810000,0x0000000059910000)]
  0x0000000058660800 JavaThread "C2 CompilerThread1" daemon [_thread_blocked, id=6284, stack(0x00000000595c0000,0x00000000596c0000)]
  0x000000005865c000 JavaThread "C2 CompilerThread0" daemon [_thread_blocked, id=6092, stack(0x0000000059270000,0x0000000059370000)]
  0x0000000058651000 JavaThread "JDWP Command Reader" daemon [_thread_in_native, id=8492, stack(0x00000000593c0000,0x00000000594c0000)]
  0x000000005864b800 JavaThread "JDWP Event Helper Thread" daemon [_thread_blocked, id=8252, stack(0x00000000590d0000,0x00000000591d0000)]
=>0x0000000056e9b800 JavaThread "JDWP Transport Listener: dt_socket" daemon [_thread_in_vm, id=8800, stack(0x0000000058f70000,0x0000000059070000)]
  0x0000000056e95000 JavaThread "Attach Listener" daemon [_thread_blocked, id=5892, stack(0x0000000058540000,0x0000000058640000)]
  0x0000000056e91800 JavaThread "Signal Dispatcher" daemon [_thread_blocked, id=9064, stack(0x0000000058290000,0x0000000058390000)]
  0x0000000056e37800 JavaThread "Finalizer" daemon [_thread_blocked, id=8256, stack(0x0000000058170000,0x0000000058270000)]
  0x0000000056e30800 JavaThread "Reference Handler" daemon [_thread_blocked, id=7820, stack(0x0000000058060000,0x0000000058160000)]
  0x0000000001e3f800 JavaThread "main" [_thread_blocked, id=9196, stack(0x0000000001ec0000,0x0000000001fc0000)]

Other Threads:
  0x0000000056e2b000 VMThread [stack: 0x0000000057ec0000,0x0000000057fc0000] [id=6220]
  0x00000000586fc000 WatcherThread [stack: 0x0000000059920000,0x0000000059a20000] [id=6604]

VM state:not at safepoint (normal execution)

VM Mutex/Monitor currently owned by a thread: None

Heap:
 PSYoungGen      total 36864K, used 3176K [0x00000000d6c00000, 0x00000000d9500000, 0x0000000100000000)
  eden space 31744K, 10% used [0x00000000d6c00000,0x00000000d6f1a3b8,0x00000000d8b00000)
  from space 5120K, 0% used [0x00000000d9000000,0x00000000d9000000,0x00000000d9500000)
  to   space 5120K, 0% used [0x00000000d8b00000,0x00000000d8b00000,0x00000000d9000000)
 ParOldGen       total 84992K, used 0K [0x0000000084400000, 0x0000000089700000, 0x00000000d6c00000)
  object space 84992K, 0% used [0x0000000084400000,0x0000000084400000,0x0000000089700000)
 Metaspace       used 3442K, capacity 4566K, committed 4864K, reserved 1056768K
  class space    used 382K, capacity 390K, committed 512K, reserved 1048576K

Card table byte_map: [0x00000000116d0000,0x0000000011ab0000] byte_map_base: 0x00000000112ae000

Marking Bits: (ParMarkBitMap*) 0x000000006331a5b0
 Begin Bits: [0x00000000122e0000, 0x00000000141d0000)
 End Bits:   [0x00000000141d0000, 0x00000000160c0000)

Polling page: 0x0000000000130000

CodeCache: size=245760Kb used=1243Kb max_used=1243Kb free=244516Kb
 bounds [0x0000000002310000, 0x0000000002580000, 0x0000000011310000]
 total_blobs=332 nmethods=82 adapters=171
 compilation: enabled

Compilation events (10 events):
Event: 0.649 Thread 0x0000000058684000   79       1       java.util.TreeMap$Entry::getKey (5 bytes)
Event: 0.649 Thread 0x0000000058684000 nmethod 79 0x00000000024461d0 code [0x0000000002446320, 0x0000000002446430]
Event: 0.649 Thread 0x0000000058684000   80       1       java.util.TreeMap$Entry::getValue (5 bytes)
Event: 0.649 Thread 0x0000000058684000 nmethod 80 0x0000000002446490 code [0x00000000024465e0, 0x00000000024466f0]
Event: 0.649 Thread 0x0000000058684000   76       3       java.lang.AbstractStringBuilder::<init> (12 bytes)
Event: 0.650 Thread 0x0000000058684000 nmethod 76 0x0000000002446750 code [0x00000000024468c0, 0x0000000002446b10]
Event: 0.650 Thread 0x0000000058684000   81       1       java.util.HashMap$Node::getKey (5 bytes)
Event: 0.650 Thread 0x0000000058684000 nmethod 81 0x0000000002446bd0 code [0x0000000002446d20, 0x0000000002446e30]
Event: 0.650 Thread 0x0000000058684000   82       1       java.util.HashMap$Node::getValue (5 bytes)
Event: 0.650 Thread 0x0000000058684000 nmethod 82 0x0000000002446e90 code [0x0000000002446fe0, 0x00000000024470f0]

GC Heap History (0 events):
No events

Deoptimization events (0 events):
No events

Internal exceptions (6 events):
Event: 0.129 Thread 0x0000000001e3f800 Exception <a 'java/lang/NoSuchMethodError': Method sun.misc.Unsafe.defineClass(Ljava/lang/String;[BII)Ljava/lang/Class; name or signature does not match> (0x00000000d6c0dbc8) thrown at [C:\re\workspace\8-2-build-windows-amd64-cygwin\jdk8u66\5298\hotspot\sr‹ÒqÉ¿?
Event: 0.129 Thread 0x0000000001e3f800 Exception <a 'java/lang/NoSuchMethodError': Method sun.misc.Unsafe.prefetchRead(Ljava/lang/Object;J)V name or signature does not match> (0x00000000d6c0deb0) thrown at [C:\re\workspace\8-2-build-windows-amd64-cygwin\jdk8u66\5298\hotspot\src\share\vm\prims\j†∫ÍŒ »·?
Event: 0.556 Thread 0x0000000001e3f800 Exception <a 'java/security/PrivilegedActionException'> (0x00000000d6e9d800) thrown at [C:\re\workspace\8-2-build-windows-amd64-cygwin\jdk8u66\5298\hotspot\src\share\vm\prims\jvm.cpp, line 1386]
Event: 0.556 Thread 0x0000000001e3f800 Exception <a 'java/security/PrivilegedActionException'> (0x00000000d6e9dbf8) thrown at [C:\re\workspace\8-2-build-windows-amd64-cygwin\jdk8u66\5298\hotspot\src\share\vm\prims\jvm.cpp, line 1386]
Event: 0.561 Thread 0x0000000001e3f800 Exception <a 'java/security/PrivilegedActionException'> (0x00000000d6ea1988) thrown at [C:\re\workspace\8-2-build-windows-amd64-cygwin\jdk8u66\5298\hotspot\src\share\vm\prims\jvm.cpp, line 1386]
Event: 0.562 Thread 0x0000000001e3f800 Exception <a 'java/security/PrivilegedActionException'> (0x00000000d6ea1d80) thrown at [C:\re\workspace\8-2-build-windows-amd64-cygwin\jdk8u66\5298\hotspot\src\share\vm\prims\jvm.cpp, line 1386]

Events (10 events):
Event: 194.403 Executing VM operation: RedefineClasses
Event: 194.405 Executing VM operation: RedefineClasses done
Event: 194.426 Executing VM operation: ChangeBreakpoints
Event: 194.427 Executing VM operation: ChangeBreakpoints done
Event: 319.157 Executing VM operation: RedefineClasses
Event: 319.158 Executing VM operation: RedefineClasses done
Event: 319.204 Executing VM operation: ChangeBreakpoints
Event: 319.204 Executing VM operation: ChangeBreakpoints done
Event: 389.004 Executing VM operation: RedefineClasses
Event: 389.005 Executing VM operation: RedefineClasses done


Dynamic libraries:
0x000000013f660000 - 0x000000013f697000 	C:\Program Files\Java\jre1.8.0_66\bin\javaw.exe
0x0000000077ab0000 - 0x0000000077c59000 	C:\Windows\SYSTEM32\ntdll.dll
0x0000000077890000 - 0x00000000779b0000 	C:\Windows\system32\kernel32.dll
0x000007fefd870000 - 0x000007fefd8dc000 	C:\Windows\system32\KERNELBASE.dll
0x000007fefe280000 - 0x000007fefe35b000 	C:\Windows\system32\ADVAPI32.dll
0x000007feffbd0000 - 0x000007feffc6f000 	C:\Windows\system32\msvcrt.dll
0x000007feffc70000 - 0x000007feffc8f000 	C:\Windows\SYSTEM32\sechost.dll
0x000007feffc90000 - 0x000007feffdbd000 	C:\Windows\system32\RPCRT4.dll
0x00000000779b0000 - 0x0000000077aaa000 	C:\Windows\system32\USER32.dll
0x000007fefde10000 - 0x000007fefde77000 	C:\Windows\system32\GDI32.dll
0x000007fefde80000 - 0x000007fefde8e000 	C:\Windows\system32\LPK.dll
0x000007fefe7b0000 - 0x000007fefe87a000 	C:\Windows\system32\USP10.dll
0x000007fefc140000 - 0x000007fefc334000 	C:\Windows\WinSxS\amd64_microsoft.windows.common-controls_6595b64144ccf1df_6.0.7601.18837_none_fa3b1e3d17594757\COMCTL32.dll
0x000007fefe620000 - 0x000007fefe691000 	C:\Windows\system32\SHLWAPI.dll
0x000007fefde90000 - 0x000007fefdebe000 	C:\Windows\system32\IMM32.DLL
0x000007fefe6a0000 - 0x000007fefe7a9000 	C:\Windows\system32\MSCTF.dll
0x0000000067b50000 - 0x0000000067c22000 	C:\Program Files\Java\jre1.8.0_66\bin\msvcr100.dll
0x0000000062b10000 - 0x0000000063399000 	C:\Program Files\Java\jre1.8.0_66\bin\server\jvm.dll
0x000007fef45a0000 - 0x000007fef45a9000 	C:\Windows\system32\WSOCK32.dll
0x000007fefe5d0000 - 0x000007fefe61d000 	C:\Windows\system32\WS2_32.dll
0x000007fefe270000 - 0x000007fefe278000 	C:\Windows\system32\NSI.dll
0x000007fef4dd0000 - 0x000007fef4e0b000 	C:\Windows\system32\WINMM.dll
0x000007fefc8e0000 - 0x000007fefc8ec000 	C:\Windows\system32\VERSION.dll
0x0000000077c70000 - 0x0000000077c77000 	C:\Windows\system32\PSAPI.DLL
0x0000000071200000 - 0x000000007120f000 	C:\Program Files\Java\jre1.8.0_66\bin\verify.dll
0x000000006d200000 - 0x000000006d229000 	C:\Program Files\Java\jre1.8.0_66\bin\java.dll
0x000000006b1a0000 - 0x000000006b1d5000 	C:\Program Files\Java\jre1.8.0_66\bin\jdwp.dll
0x0000000071260000 - 0x0000000071268000 	C:\Program Files\Java\jre1.8.0_66\bin\npt.dll
0x00000000711e0000 - 0x00000000711f6000 	C:\Program Files\Java\jre1.8.0_66\bin\zip.dll
0x000007fefeb30000 - 0x000007feff8b9000 	C:\Windows\system32\SHELL32.dll
0x000007feff920000 - 0x000007feffb23000 	C:\Windows\system32\ole32.dll
0x000007fefd860000 - 0x000007fefd86f000 	C:\Windows\system32\profapi.dll
0x000000006efc0000 - 0x000000006efc9000 	C:\Program Files\Java\jre1.8.0_66\bin\dt_socket.dll
0x000007fefa330000 - 0x000007fefa345000 	C:\Windows\system32\NLAapi.dll
0x000007fef8b50000 - 0x000007fef8b65000 	C:\Windows\system32\napinsp.dll
0x000007fef8b10000 - 0x000007fef8b29000 	C:\Windows\system32\pnrpnsp.dll
0x000007fefd090000 - 0x000007fefd0e5000 	C:\Windows\System32\mswsock.dll
0x000007fefce30000 - 0x000007fefce8b000 	C:\Windows\system32\DNSAPI.dll
0x000007fef8b40000 - 0x000007fef8b4b000 	C:\Windows\System32\winrnr.dll
0x000007fef8ab0000 - 0x000007fef8adf000 	C:\Program Files\Common Files\Microsoft Shared\Windows Live\WLIDNSP.DLL
0x000007fef8b30000 - 0x000007fef8b40000 	C:\Windows\system32\wshbth.dll
0x000007fef9810000 - 0x000007fef9837000 	C:\Windows\system32\IPHLPAPI.DLL
0x000007fef9800000 - 0x000007fef980b000 	C:\Windows\system32\WINNSI.DLL
0x000007fef9680000 - 0x000007fef96d3000 	C:\Windows\System32\fwpuclnt.dll
0x000007fef8b70000 - 0x000007fef8b78000 	C:\Windows\system32\rasadhlp.dll
0x000007fefc9b0000 - 0x000007fefc9b7000 	C:\Windows\System32\wshtcpip.dll
0x000007fef9f90000 - 0x000007fefa0b5000 	C:\Windows\system32\dbghelp.dll

VM Arguments:
jvm_args: -agentlib:jdwp=transport=dt_socket,suspend=y,address=localhost:58903 -Dfile.encoding=Cp1252 
java_command: assignment02.lab.Application
java_class_path (initial): C:\Users\984865\Desktop\MPP_assignment\bin
Launcher Type: SUN_STANDARD

Environment Variables:
PATH=C:/Program Files/Java/jre1.8.0_66/bin/server;C:/Program Files/Java/jre1.8.0_66/bin;C:/Program Files/Java/jre1.8.0_66/lib/amd64;C:\ProgramData\Oracle\Java\javapath;C:\Python27\Lib\site-packages\PyQt4;C:\Program Files (x86)\Intel\iCLS Client\;C:\Program Files\Intel\iCLS Client\;C:\Program Files\Common Files\Microsoft Shared\Windows Live;C:\Program Files (x86)\Common Files\Microsoft Shared\Windows Live;C:\Windows\system32;C:\Windows;C:\Windows\System32\Wbem;C:\Windows\System32\WindowsPowerShell\v1.0\;C:\Program Files (x86)\Windows Live\Shared;C:\Program Files (x86)\Intel\OpenCL SDK\3.0\bin\x86;C:\Program Files (x86)\Intel\OpenCL SDK\3.0\bin\x64;C:\Program Files\Intel\Intel(R) Management Engine Components\DAL;C:\Program Files\Intel\Intel(R) Management Engine Components\IPT;C:\Program Files (x86)\Intel\Intel(R) Management Engine Components\DAL;C:\Program Files (x86)\Intel\Intel(R) Management Engine Components\IPT;C:\Program Files (x86)\Microsoft SQL Server\100\Tools\Binn\;C:\Program Files\Microsoft SQL Server\100\Tools\Binn\;C:\Program Files\Microsoft SQL Server\100\DTS\Binn\;C:\Program Files (x86)\Microsoft SQL Server\100\Tools\Binn\VSShell\Common7\IDE\;C:\Program Files (x86)\Microsoft SQL Server\100\DTS\Binn\;C:\Program Files (x86)\Rational\common;C:\Program Files (x86)\Rational\ClearCase\bin;C:\Program Files (x86)\Windows Kits\8.1\Windows Performance Toolkit\;C:\Program Files\Microsoft SQL Server\120\Tools\Binn\;C:\Program Files (x86)\Microsoft SDKs\TypeScript\1.1\;C:\Program Files (x86)\Skype\Phone\;C:\Program Files\Java\jdk1.8.0_40\jre\bin;C:\Program Files\Java\jdk1.8.0_40\bin;C:\Users\984865\Downloads;
USERNAME=984865
OS=Windows_NT
PROCESSOR_IDENTIFIER=Intel64 Family 6 Model 69 Stepping 1, GenuineIntel



---------------  S Y S T E M  ---------------

OS: Windows 7 , 64 bit Build 7601 (6.1.7601.19045)

CPU:total 4 (2 cores per cpu, 2 threads per core) family 6 model 69 stepping 1, cmov, cx8, fxsr, mmx, sse, sse2, sse3, ssse3, sse4.1, sse4.2, popcnt, avx, avx2, aes, clmul, erms, lzcnt, ht, tsc, tscinvbit, bmi1, bmi2

Memory: 4k page, physical 8102172k(1725256k free), swap 16202508k(6527996k free)

vm_info: Java HotSpot(TM) 64-Bit Server VM (25.66-b18) for windows-amd64 JRE (1.8.0_66-b18), built on Nov  9 2015 10:51:13 by "java_re" with MS VC++ 10.0 (VS2010)

time: Wed Jan 13 16:05:39 2016
elapsed time: 389 seconds (0d 0h 6m 29s)

